2026-01-20 19:31:12,400 - __main__ - INFO - Wake word detected
2026-01-20 19:31:18,190 - __main__ - INFO - Transcribed text: 
2026-01-20 19:31:18,190 - __main__ - INFO - Intent recognition result: unknown
2026-01-20 19:31:42,080 - __main__ - INFO - Wake word detected
2026-01-20 19:31:48,037 - __main__ - INFO - Transcribed text: what's two plus two
2026-01-20 19:31:48,037 - __main__ - INFO - Intent recognition result: 4
2026-01-20 19:31:50,463 - __main__ - INFO - Wake word detected
2026-01-20 19:31:56,609 - __main__ - INFO - Transcribed text: what's today's date
2026-01-20 19:31:56,609 - __main__ - INFO - Intent recognition result: Sorry, I couldn't calculate that. Try rephrasing your question.
2026-01-20 19:32:00,208 - __main__ - INFO - Wake word detected
2026-01-20 19:32:06,105 - __main__ - INFO - Transcribed text: what is today's date
2026-01-20 19:32:06,105 - __main__ - INFO - Intent recognition result: Sorry, I couldn't calculate that. Try rephrasing your question.
2026-01-20 19:32:22,945 - __main__ - INFO - Wake word detected
2026-01-20 19:32:28,819 - __main__ - INFO - Transcribed text: what's the date
2026-01-20 19:32:28,820 - __main__ - INFO - Intent recognition result: Today's date is January 20, 2026.
2026-01-20 20:42:24,195 - __main__ - INFO - Wake word detected
2026-01-20 20:42:30,296 - __main__ - INFO - Transcribed text: what's to
2026-01-20 20:42:30,297 - __main__ - INFO - Intent recognition result: 2
2026-01-20 20:43:42,582 - __main__ - INFO - Wake word detected
2026-01-20 20:43:48,285 - __main__ - INFO - Transcribed text: what's to post to
2026-01-20 20:43:48,286 - __main__ - INFO - Intent recognition result: Sorry, I couldn't calculate that. Try rephrasing your question.
2026-01-20 20:44:21,479 - __main__ - INFO - Wake word detected
2026-01-20 20:44:27,473 - __main__ - INFO - Transcribed text: what's two plus two
2026-01-20 20:44:27,473 - __main__ - INFO - Intent recognition result: 4
2026-01-20 20:44:28,424 - __main__ - INFO - Response spoken
2026-01-20 20:44:47,960 - __main__ - INFO - Wake word detected
2026-01-20 20:44:53,848 - __main__ - INFO - Transcribed text: what's the date
2026-01-20 20:44:53,849 - __main__ - INFO - Intent recognition result: Today's date is January 20, 2026.
2026-01-20 20:44:58,569 - __main__ - INFO - Response spoken
2026-01-20 20:45:02,153 - __main__ - INFO - Wake word detected
2026-01-20 20:45:08,021 - __main__ - INFO - Transcribed text: what's the time
2026-01-20 20:45:08,021 - __main__ - INFO - Intent recognition result: The current time is 08:45 PM.
2026-01-20 20:45:11,625 - __main__ - INFO - Response spoken
2026-01-20 20:45:53,195 - __main__ - INFO - Wake word detected
2026-01-20 20:45:59,174 - __main__ - INFO - Transcribed text: set a timer for ten seconds
2026-01-20 20:45:59,174 - __main__ - INFO - Intent recognition result: Timer set for 10 seconds.
2026-01-20 20:46:01,835 - __main__ - INFO - Response spoken
2026-01-20 20:57:34,633 - __main__ - INFO - Wake word detected
2026-01-20 20:57:40,586 - __main__ - INFO - Transcribed text: what's the time
2026-01-20 20:57:40,586 - __main__ - INFO - Intent recognition result: The current time is 08:57 PM.
2026-01-21 15:24:13,143 - __main__ - INFO - Wake word detected
2026-01-21 15:24:19,336 - __main__ - INFO - Transcribed text: so timer for ten seconds
2026-01-21 15:24:19,336 - __main__ - INFO - Intent recognition result: Timer set for 10 seconds.
2026-01-21 15:24:22,039 - __main__ - INFO - Response spoken
2026-01-27 20:17:51,667 - __main__ - INFO - Wake word detected
2026-01-27 20:17:57,771 - __main__ - INFO - Transcribed text: set a timer for ten seconds
2026-01-27 20:17:57,773 - __main__ - INFO - Intent recognition result: Timer set for 10 seconds.
2026-01-27 20:18:00,547 - __main__ - INFO - Response spoken
2026-01-27 20:18:00,548 - asyncio - ERROR - Task exception was never retrieved
future: <Task finished name='Task-2' coro=<start_timer() done, defined at /home/tyler/projects/workshop-assistant/src/skills/timer.py:12> exception=NameError("name 'logger' is not defined")>
Traceback (most recent call last):
  File "/home/tyler/projects/workshop-assistant/src/skills/timer.py", line 16, in start_timer
    logger.info(f"Timer started for {duration_seconds} seconds")
    ^^^^^^
NameError: name 'logger' is not defined
2026-01-27 20:20:54,090 - __main__ - INFO - Wake word detected
2026-01-27 20:21:00,268 - __main__ - INFO - Transcribed text: set a timer for five seconds
2026-01-27 20:21:00,268 - __main__ - INFO - Intent recognition result: Timer set for 5 seconds.
2026-01-27 20:21:03,211 - __main__ - INFO - Response spoken
2026-01-27 20:21:03,211 - skills.timer - INFO - Timer started for 5 seconds
2026-01-27 20:21:08,216 - skills.timer - INFO - Timer finished!
2026-01-27 20:24:32,035 - __main__ - INFO - Wake word detected
2026-01-27 20:24:38,081 - __main__ - INFO - Transcribed text: set a timer for five seconds
2026-01-27 20:24:38,082 - __main__ - INFO - Intent recognition result: Timer set for 5 seconds.
2026-01-27 20:24:40,883 - __main__ - INFO - Response spoken
2026-01-27 20:24:40,883 - skills.timer - INFO - Timer started for 5 seconds
2026-01-27 20:24:45,886 - skills.timer - INFO - Timer finished!
2026-01-27 20:24:59,348 - __main__ - INFO - Wake word detected
2026-01-27 20:25:05,336 - __main__ - INFO - Transcribed text: stop stop
2026-01-27 20:25:05,336 - skills.timer - INFO - Alarm stopped
2026-01-27 20:25:05,337 - __main__ - INFO - Intent recognition result: Alarm stopped
2026-01-27 20:25:05,526 - __main__ - INFO - Response spoken
2026-01-27 20:27:33,242 - __main__ - INFO - Wake word detected
2026-01-27 20:27:39,223 - __main__ - INFO - Transcribed text: set a timer for five seconds
2026-01-27 20:27:39,224 - __main__ - INFO - Intent recognition result: Timer set for 5 seconds.
2026-01-27 20:27:41,978 - __main__ - INFO - Response spoken
2026-01-27 20:27:41,978 - skills.timer - INFO - Timer started for 5 seconds
2026-01-27 20:27:46,982 - skills.timer - INFO - Timer finished!
2026-01-27 20:39:41,590 - speech_to_text - INFO - Loading Whisper model: small
2026-01-27 20:39:42,067 - httpx - INFO - HTTP Request: GET https://huggingface.co/api/models/Systran/faster-whisper-small/revision/main "HTTP/1.1 200 OK"
2026-01-27 20:39:42,124 - httpx - INFO - HTTP Request: HEAD https://huggingface.co/Systran/faster-whisper-small/resolve/536b0662742c02347bc0e980a01041f333bce120/model.bin "HTTP/1.1 302 Found"
2026-01-27 20:39:42,171 - httpx - INFO - HTTP Request: HEAD https://huggingface.co/Systran/faster-whisper-small/resolve/536b0662742c02347bc0e980a01041f333bce120/config.json "HTTP/1.1 307 Temporary Redirect"
2026-01-27 20:39:42,172 - httpx - INFO - HTTP Request: HEAD https://huggingface.co/Systran/faster-whisper-small/resolve/536b0662742c02347bc0e980a01041f333bce120/tokenizer.json "HTTP/1.1 307 Temporary Redirect"
2026-01-27 20:39:42,178 - httpx - INFO - HTTP Request: HEAD https://huggingface.co/Systran/faster-whisper-small/resolve/536b0662742c02347bc0e980a01041f333bce120/vocabulary.txt "HTTP/1.1 307 Temporary Redirect"
2026-01-27 20:39:42,182 - httpx - INFO - HTTP Request: GET https://huggingface.co/api/models/Systran/faster-whisper-small/xet-read-token/536b0662742c02347bc0e980a01041f333bce120 "HTTP/1.1 200 OK"
2026-01-27 20:39:42,193 - httpx - INFO - HTTP Request: HEAD https://huggingface.co/api/resolve-cache/models/Systran/faster-whisper-small/536b0662742c02347bc0e980a01041f333bce120/tokenizer.json "HTTP/1.1 200 OK"
2026-01-27 20:39:42,194 - httpx - INFO - HTTP Request: HEAD https://huggingface.co/api/resolve-cache/models/Systran/faster-whisper-small/536b0662742c02347bc0e980a01041f333bce120/config.json "HTTP/1.1 200 OK"
2026-01-27 20:39:42,205 - httpx - INFO - HTTP Request: HEAD https://huggingface.co/api/resolve-cache/models/Systran/faster-whisper-small/536b0662742c02347bc0e980a01041f333bce120/vocabulary.txt "HTTP/1.1 200 OK"
2026-01-27 20:39:42,217 - httpx - INFO - HTTP Request: GET https://huggingface.co/api/resolve-cache/models/Systran/faster-whisper-small/536b0662742c02347bc0e980a01041f333bce120/tokenizer.json "HTTP/1.1 200 OK"
2026-01-27 20:39:42,225 - httpx - INFO - HTTP Request: GET https://huggingface.co/api/resolve-cache/models/Systran/faster-whisper-small/536b0662742c02347bc0e980a01041f333bce120/config.json "HTTP/1.1 200 OK"
2026-01-27 20:39:42,235 - httpx - INFO - HTTP Request: GET https://huggingface.co/api/resolve-cache/models/Systran/faster-whisper-small/536b0662742c02347bc0e980a01041f333bce120/vocabulary.txt "HTTP/1.1 200 OK"
2026-01-27 20:39:50,289 - speech_to_text - INFO - Whisper model loaded successfully
2026-01-27 20:40:06,776 - __main__ - INFO - Wake word detected
2026-01-27 20:40:06,776 - speech_to_text - INFO - Recording audio...
2026-01-27 20:40:11,814 - speech_to_text - INFO - Recording complete, transcribing...
2026-01-27 20:40:11,923 - faster_whisper - INFO - Processing audio with duration 00:05.000
2026-01-27 20:40:16,691 - faster_whisper - INFO - Detected language 'en' with probability 0.98
2026-01-27 20:40:22,990 - speech_to_text - INFO - Whisper transcription: What's 2 plus 4?
2026-01-27 20:40:22,991 - __main__ - INFO - Transcribed text: What's 2 plus 4?
2026-01-27 20:40:22,991 - __main__ - INFO - Intent recognition result: Sorry, I couldn't calculate that. Try rephrasing your question.
2026-01-27 20:40:28,600 - __main__ - INFO - Response spoken
2026-01-27 20:41:05,770 - __main__ - INFO - Wake word detected
2026-01-27 20:41:05,771 - speech_to_text - INFO - Recording audio...
2026-01-27 20:41:10,809 - speech_to_text - INFO - Recording complete, transcribing...
2026-01-27 20:41:10,942 - faster_whisper - INFO - Processing audio with duration 00:05.000
2026-01-27 20:41:17,228 - faster_whisper - INFO - Detected language 'en' with probability 0.99
2026-01-27 20:41:26,592 - speech_to_text - INFO - Whisper transcription: Set a timer for five seconds.
2026-01-27 20:41:26,593 - __main__ - INFO - Transcribed text: Set a timer for five seconds.
2026-01-27 20:41:26,593 - __main__ - INFO - Intent recognition result: Could not parse a valid time duration from the input.
2026-01-27 20:41:31,354 - __main__ - INFO - Response spoken
2026-01-27 20:42:43,749 - speech_to_text - INFO - Loading Whisper model: tiny
2026-01-27 20:42:44,541 - httpx - INFO - HTTP Request: GET https://huggingface.co/api/models/Systran/faster-whisper-tiny/revision/main "HTTP/1.1 200 OK"
2026-01-27 20:42:44,604 - httpx - INFO - HTTP Request: HEAD https://huggingface.co/Systran/faster-whisper-tiny/resolve/d90ca5fe260221311c53c58e660288d3deb8d356/config.json "HTTP/1.1 307 Temporary Redirect"
2026-01-27 20:42:44,627 - httpx - INFO - HTTP Request: HEAD https://huggingface.co/api/resolve-cache/models/Systran/faster-whisper-tiny/d90ca5fe260221311c53c58e660288d3deb8d356/config.json "HTTP/1.1 200 OK"
2026-01-27 20:42:44,638 - httpx - INFO - HTTP Request: HEAD https://huggingface.co/Systran/faster-whisper-tiny/resolve/d90ca5fe260221311c53c58e660288d3deb8d356/model.bin "HTTP/1.1 302 Found"
2026-01-27 20:42:44,863 - httpx - INFO - HTTP Request: GET https://huggingface.co/api/resolve-cache/models/Systran/faster-whisper-tiny/d90ca5fe260221311c53c58e660288d3deb8d356/config.json "HTTP/1.1 200 OK"
2026-01-27 20:42:44,864 - httpx - INFO - HTTP Request: HEAD https://huggingface.co/Systran/faster-whisper-tiny/resolve/d90ca5fe260221311c53c58e660288d3deb8d356/vocabulary.txt "HTTP/1.1 307 Temporary Redirect"
2026-01-27 20:42:44,865 - httpx - INFO - HTTP Request: HEAD https://huggingface.co/Systran/faster-whisper-tiny/resolve/d90ca5fe260221311c53c58e660288d3deb8d356/tokenizer.json "HTTP/1.1 307 Temporary Redirect"
2026-01-27 20:42:44,890 - httpx - INFO - HTTP Request: HEAD https://huggingface.co/api/resolve-cache/models/Systran/faster-whisper-tiny/d90ca5fe260221311c53c58e660288d3deb8d356/tokenizer.json "HTTP/1.1 200 OK"
2026-01-27 20:42:44,891 - httpx - INFO - HTTP Request: HEAD https://huggingface.co/api/resolve-cache/models/Systran/faster-whisper-tiny/d90ca5fe260221311c53c58e660288d3deb8d356/vocabulary.txt "HTTP/1.1 200 OK"
2026-01-27 20:42:44,919 - httpx - INFO - HTTP Request: GET https://huggingface.co/api/models/Systran/faster-whisper-tiny/xet-read-token/d90ca5fe260221311c53c58e660288d3deb8d356 "HTTP/1.1 200 OK"
2026-01-27 20:42:44,942 - httpx - INFO - HTTP Request: GET https://huggingface.co/api/resolve-cache/models/Systran/faster-whisper-tiny/d90ca5fe260221311c53c58e660288d3deb8d356/vocabulary.txt "HTTP/1.1 200 OK"
2026-01-27 20:42:44,976 - httpx - INFO - HTTP Request: GET https://huggingface.co/api/resolve-cache/models/Systran/faster-whisper-tiny/d90ca5fe260221311c53c58e660288d3deb8d356/tokenizer.json "HTTP/1.1 200 OK"
2026-01-27 20:42:46,994 - speech_to_text - INFO - Whisper model loaded successfully
2026-01-27 20:43:15,303 - speech_to_text - INFO - Loading Whisper model: tiny
2026-01-27 20:43:15,624 - httpx - INFO - HTTP Request: GET https://huggingface.co/api/models/Systran/faster-whisper-tiny/revision/main "HTTP/1.1 200 OK"
2026-01-27 20:43:15,912 - speech_to_text - INFO - Whisper model loaded successfully
2026-01-27 20:43:20,015 - __main__ - INFO - Wake word detected
2026-01-27 20:43:20,015 - speech_to_text - INFO - Recording audio...
2026-01-27 20:43:25,054 - speech_to_text - INFO - Recording complete, transcribing...
2026-01-27 20:43:25,145 - faster_whisper - INFO - Processing audio with duration 00:05.000
2026-01-27 20:43:26,018 - faster_whisper - INFO - Detected language 'en' with probability 0.97
2026-01-27 20:43:27,309 - speech_to_text - INFO - Whisper transcription: What's 2 plus 4?
2026-01-27 20:43:27,311 - __main__ - INFO - Transcribed text: What's 2 plus 4?
2026-01-27 20:43:27,311 - __main__ - INFO - Intent recognition result: Sorry, I couldn't calculate that. Try rephrasing your question.
2026-01-27 20:43:33,023 - __main__ - INFO - Response spoken
2026-01-27 20:43:48,981 - speech_to_text - INFO - Loading Whisper model: tiny
2026-01-27 20:43:49,335 - httpx - INFO - HTTP Request: GET https://huggingface.co/api/models/Systran/faster-whisper-tiny/revision/main "HTTP/1.1 200 OK"
2026-01-27 20:43:49,609 - speech_to_text - INFO - Whisper model loaded successfully
2026-01-27 20:43:53,520 - __main__ - INFO - Wake word detected
2026-01-27 20:43:53,520 - speech_to_text - INFO - Recording audio...
2026-01-27 20:43:58,559 - speech_to_text - INFO - Recording complete, transcribing...
2026-01-27 20:43:58,650 - faster_whisper - INFO - Processing audio with duration 00:05.000
2026-01-27 20:43:59,621 - faster_whisper - INFO - Detected language 'en' with probability 0.97
2026-01-27 20:44:00,737 - speech_to_text - INFO - Whisper transcription: What's 2 plus 4
2026-01-27 20:44:00,738 - __main__ - INFO - Transcribed text: What's 2 plus 4
2026-01-27 20:44:00,738 - __main__ - INFO - Intent recognition result: 6
2026-01-27 20:44:01,728 - __main__ - INFO - Response spoken
2026-01-27 20:44:04,160 - __main__ - INFO - Wake word detected
2026-01-27 20:44:04,160 - speech_to_text - INFO - Recording audio...
2026-01-27 20:44:09,199 - speech_to_text - INFO - Recording complete, transcribing...
2026-01-27 20:44:09,307 - faster_whisper - INFO - Processing audio with duration 00:05.000
2026-01-27 20:44:10,095 - faster_whisper - INFO - Detected language 'en' with probability 0.99
2026-01-27 20:44:11,359 - speech_to_text - INFO - Whisper transcription: Set the timer for 5 seconds
2026-01-27 20:44:11,359 - __main__ - INFO - Transcribed text: Set the timer for 5 seconds
2026-01-27 20:44:11,360 - __main__ - INFO - Intent recognition result: Could not parse a valid time duration from the input.
2026-01-27 20:44:15,488 - __main__ - INFO - Response spoken
2026-01-27 20:44:17,777 - __main__ - INFO - Wake word detected
2026-01-27 20:44:17,777 - speech_to_text - INFO - Recording audio...
2026-01-27 20:44:22,816 - speech_to_text - INFO - Recording complete, transcribing...
2026-01-27 20:44:22,906 - faster_whisper - INFO - Processing audio with duration 00:05.000
2026-01-27 20:44:23,662 - faster_whisper - INFO - Detected language 'en' with probability 0.99
2026-01-27 20:44:24,663 - speech_to_text - INFO - Whisper transcription: Set a timer for five seconds
2026-01-27 20:44:24,664 - __main__ - INFO - Transcribed text: Set a timer for five seconds
2026-01-27 20:44:24,664 - __main__ - INFO - Intent recognition result: Timer set for 5 seconds.
2026-01-27 20:44:27,393 - __main__ - INFO - Response spoken
2026-01-27 20:44:27,393 - skills.timer - INFO - Timer started for 5 seconds
2026-01-27 20:44:32,398 - skills.timer - INFO - Timer finished!
2026-01-27 20:48:46,301 - speech_to_text - INFO - Loading Whisper model: tiny
2026-01-27 20:48:46,785 - httpx - INFO - HTTP Request: GET https://huggingface.co/api/models/Systran/faster-whisper-tiny/revision/main "HTTP/1.1 200 OK"
2026-01-27 20:48:47,161 - speech_to_text - INFO - Whisper model loaded successfully
2026-01-27 20:48:52,268 - __main__ - INFO - Wake word detected
2026-01-27 20:48:52,268 - speech_to_text - INFO - Starting dynamic recording...
2026-01-27 20:50:03,041 - speech_to_text - INFO - Loading Whisper model: tiny
2026-01-27 20:50:03,385 - httpx - INFO - HTTP Request: GET https://huggingface.co/api/models/Systran/faster-whisper-tiny/revision/main "HTTP/1.1 200 OK"
2026-01-27 20:50:03,661 - speech_to_text - INFO - Whisper model loaded successfully
2026-01-27 20:50:07,390 - __main__ - INFO - Wake word detected
2026-01-27 20:50:07,390 - speech_to_text - INFO - Starting dynamic recording...
2026-01-27 20:50:10,307 - speech_to_text - INFO - Silence threshold reached (1.5s)
2026-01-27 20:50:10,317 - speech_to_text - INFO - Recording complete: 2.90s total, transcribing...
2026-01-27 20:50:10,427 - faster_whisper - INFO - Processing audio with duration 00:02.900
2026-01-27 20:50:11,267 - faster_whisper - INFO - Detected language 'en' with probability 0.96
2026-01-27 20:50:12,385 - speech_to_text - INFO - Whisper transcription: What's 2 plus 2
2026-01-27 20:50:12,386 - __main__ - INFO - Transcribed text: What's 2 plus 2
2026-01-27 20:50:12,387 - __main__ - INFO - Intent recognition result: 4
2026-01-27 20:50:13,326 - __main__ - INFO - Response spoken
2026-01-27 20:50:16,270 - __main__ - INFO - Wake word detected
2026-01-27 20:50:16,271 - speech_to_text - INFO - Starting dynamic recording...
2026-01-27 20:50:20,188 - speech_to_text - INFO - Silence threshold reached (1.5s)
2026-01-27 20:50:20,190 - speech_to_text - INFO - Recording complete: 3.90s total, transcribing...
2026-01-27 20:50:20,301 - faster_whisper - INFO - Processing audio with duration 00:03.900
2026-01-27 20:50:21,129 - faster_whisper - INFO - Detected language 'en' with probability 0.98
2026-01-27 20:50:22,537 - speech_to_text - INFO - Whisper transcription: set of timer for five seconds
2026-01-27 20:50:22,538 - __main__ - INFO - Transcribed text: set of timer for five seconds
2026-01-27 20:50:22,539 - __main__ - INFO - Intent recognition result: Timer set for 5 seconds.
2026-01-27 20:50:25,166 - __main__ - INFO - Response spoken
2026-01-27 20:50:25,167 - skills.timer - INFO - Timer started for 5 seconds
2026-01-27 20:50:30,172 - skills.timer - INFO - Timer finished!
2026-01-27 20:50:42,143 - __main__ - INFO - Wake word detected
2026-01-27 20:50:42,143 - speech_to_text - INFO - Starting dynamic recording...
2026-01-27 20:50:44,660 - speech_to_text - INFO - Silence threshold reached (1.5s)
2026-01-27 20:50:44,671 - speech_to_text - INFO - Recording complete: 2.50s total, transcribing...
2026-01-27 20:50:44,773 - faster_whisper - INFO - Processing audio with duration 00:02.500
2026-01-27 20:50:45,627 - faster_whisper - INFO - Detected language 'en' with probability 0.97
2026-01-27 20:50:46,687 - speech_to_text - INFO - Whisper transcription: What time is it
2026-01-27 20:50:46,687 - __main__ - INFO - Transcribed text: What time is it
2026-01-27 20:50:46,688 - __main__ - INFO - Intent recognition result: The current time is 08:50 PM.
2026-01-27 20:50:50,032 - __main__ - INFO - Response spoken
2026-01-27 20:51:39,522 - __main__ - INFO - Wake word detected
2026-01-27 20:51:39,523 - speech_to_text - INFO - Starting dynamic recording...
2026-01-27 20:51:48,139 - speech_to_text - INFO - Silence threshold reached (1.5s)
2026-01-27 20:51:48,145 - speech_to_text - INFO - Recording complete: 8.60s total, transcribing...
2026-01-27 20:51:48,264 - faster_whisper - INFO - Processing audio with duration 00:08.600
2026-01-27 20:51:49,157 - faster_whisper - INFO - Detected language 'en' with probability 1.00
2026-01-27 20:51:50,976 - speech_to_text - INFO - Whisper transcription: What's 5 plus 5 times 12 minus 13 plus 4 divided by 6 plus 2
2026-01-27 20:51:50,977 - __main__ - INFO - Transcribed text: What's 5 plus 5 times 12 minus 13 plus 4 divided by 6 plus 2
2026-01-27 20:51:50,977 - __main__ - INFO - Intent recognition result: 54.666666666666664
2026-01-27 20:51:58,290 - __main__ - INFO - Response spoken
2026-01-27 21:03:57,276 - speech_to_text - INFO - Loading Whisper model: tiny
2026-01-27 21:03:57,624 - httpx - INFO - HTTP Request: GET https://huggingface.co/api/models/Systran/faster-whisper-tiny/revision/main "HTTP/1.1 200 OK"
2026-01-27 21:03:57,953 - speech_to_text - INFO - Whisper model loaded successfully
2026-01-27 21:04:01,614 - __main__ - INFO - Wake word detected
2026-01-27 21:04:01,615 - speech_to_text - INFO - Starting dynamic recording...
2026-01-27 21:04:07,731 - speech_to_text - INFO - Silence threshold reached (1.5s)
2026-01-27 21:04:07,742 - speech_to_text - INFO - Recording complete: 6.10s total, transcribing...
2026-01-27 21:04:07,872 - faster_whisper - INFO - Processing audio with duration 00:06.100
2026-01-27 21:04:08,735 - faster_whisper - INFO - Detected language 'en' with probability 0.99
2026-01-27 21:04:10,487 - speech_to_text - INFO - Whisper transcription: What's 48,000 divided by 1,536
2026-01-27 21:04:10,487 - __main__ - INFO - Transcribed text: What's 48,000 divided by 1,536
2026-01-27 21:04:10,487 - __main__ - INFO - Intent recognition result: Sorry, I couldn't calculate that. Try rephrasing your question.
2026-01-27 21:04:14,542 - __main__ - INFO - Response spoken
2026-01-27 21:09:08,673 - speech_to_text - INFO - Loading Whisper model: tiny
2026-01-27 21:09:09,041 - httpx - INFO - HTTP Request: GET https://huggingface.co/api/models/Systran/faster-whisper-tiny/revision/main "HTTP/1.1 200 OK"
2026-01-27 21:09:09,332 - speech_to_text - INFO - Whisper model loaded successfully
2026-01-27 21:09:13,690 - __main__ - INFO - Wake word detected
2026-01-27 21:09:13,691 - speech_to_text - INFO - Starting dynamic recording...
2026-01-27 21:09:17,007 - speech_to_text - INFO - Silence threshold reached (1.5s)
2026-01-27 21:09:17,017 - speech_to_text - INFO - Recording complete: 3.30s total, transcribing...
2026-01-27 21:09:17,148 - faster_whisper - INFO - Processing audio with duration 00:03.300
2026-01-27 21:09:18,005 - faster_whisper - INFO - Detected language 'en' with probability 0.98
2026-01-27 21:09:19,109 - speech_to_text - INFO - Whisper transcription: Set in alarm for 5 seconds
2026-01-27 21:09:19,110 - __main__ - INFO - Transcribed text: Set in alarm for 5 seconds
2026-01-27 21:09:19,110 - __main__ - INFO - Intent recognition result: Sorry, I didn't understand that.
2026-01-27 21:09:21,594 - __main__ - INFO - Response spoken
2026-01-27 21:09:23,322 - __main__ - INFO - Wake word detected
2026-01-27 21:09:23,323 - speech_to_text - INFO - Starting dynamic recording...
2026-01-27 21:09:26,839 - speech_to_text - INFO - Silence threshold reached (1.5s)
2026-01-27 21:09:26,842 - speech_to_text - INFO - Recording complete: 3.50s total, transcribing...
2026-01-27 21:09:26,950 - faster_whisper - INFO - Processing audio with duration 00:03.500
2026-01-27 21:09:27,729 - faster_whisper - INFO - Detected language 'en' with probability 0.99
2026-01-27 21:09:28,897 - speech_to_text - INFO - Whisper transcription: Set a timer for five seconds
2026-01-27 21:09:28,897 - __main__ - INFO - Transcribed text: Set a timer for five seconds
2026-01-27 21:09:28,898 - __main__ - INFO - Intent recognition result: Timer set for 5 seconds.
2026-01-27 21:09:30,939 - __main__ - INFO - Response spoken
2026-01-27 21:09:30,939 - skills.timer - INFO - Timer started for 5 seconds
2026-01-27 21:09:35,945 - skills.timer - INFO - Timer finished!
2026-01-27 21:09:35,946 - asyncio - ERROR - Task exception was never retrieved
future: <Task finished name='Task-2' coro=<start_timer() done, defined at /home/tyler/projects/workshop-assistant/src/skills/timer.py:17> exception=NameError("name 'TIMER_ALARM_REPEATS' is not defined")>
Traceback (most recent call last):
  File "/home/tyler/projects/workshop-assistant/src/skills/timer.py", line 24, in start_timer
    for _ in range(TIMER_ALARM_REPEATS):
                   ^^^^^^^^^^^^^^^^^^^
NameError: name 'TIMER_ALARM_REPEATS' is not defined
2026-01-27 21:09:57,753 - speech_to_text - INFO - Loading Whisper model: tiny
2026-01-27 21:09:58,060 - httpx - INFO - HTTP Request: GET https://huggingface.co/api/models/Systran/faster-whisper-tiny/revision/main "HTTP/1.1 200 OK"
2026-01-27 21:09:58,356 - speech_to_text - INFO - Whisper model loaded successfully
2026-01-27 21:10:06,589 - __main__ - INFO - Wake word detected
2026-01-27 21:10:06,589 - speech_to_text - INFO - Starting dynamic recording...
2026-01-27 21:10:10,005 - speech_to_text - INFO - Silence threshold reached (1.5s)
2026-01-27 21:10:10,011 - speech_to_text - INFO - Recording complete: 3.40s total, transcribing...
2026-01-27 21:10:10,121 - faster_whisper - INFO - Processing audio with duration 00:03.400
2026-01-27 21:10:10,916 - faster_whisper - INFO - Detected language 'en' with probability 0.99
2026-01-27 21:10:11,940 - speech_to_text - INFO - Whisper transcription: Set a timer for 2 seconds
2026-01-27 21:10:11,941 - __main__ - INFO - Transcribed text: Set a timer for 2 seconds
2026-01-27 21:10:11,941 - __main__ - INFO - Intent recognition result: Could not parse a valid time duration from the input.
2026-01-27 21:10:15,516 - __main__ - INFO - Response spoken
2026-01-27 21:10:17,884 - __main__ - INFO - Wake word detected
2026-01-27 21:10:17,885 - speech_to_text - INFO - Starting dynamic recording...
2026-01-27 21:10:21,402 - speech_to_text - INFO - Silence threshold reached (1.5s)
2026-01-27 21:10:21,404 - speech_to_text - INFO - Recording complete: 3.50s total, transcribing...
2026-01-27 21:10:21,494 - faster_whisper - INFO - Processing audio with duration 00:03.500
2026-01-27 21:10:22,233 - faster_whisper - INFO - Detected language 'en' with probability 0.99
2026-01-27 21:10:23,361 - speech_to_text - INFO - Whisper transcription: Set a timer for 5 seconds
2026-01-27 21:10:23,362 - __main__ - INFO - Transcribed text: Set a timer for 5 seconds
2026-01-27 21:10:23,362 - __main__ - INFO - Intent recognition result: Could not parse a valid time duration from the input.
2026-01-27 21:10:26,813 - __main__ - INFO - Response spoken
2026-01-27 21:11:59,006 - speech_to_text - INFO - Loading Whisper model: tiny
2026-01-27 21:11:59,338 - httpx - INFO - HTTP Request: GET https://huggingface.co/api/models/Systran/faster-whisper-tiny/revision/main "HTTP/1.1 200 OK"
2026-01-27 21:11:59,618 - speech_to_text - INFO - Whisper model loaded successfully
2026-01-27 21:12:05,377 - __main__ - INFO - Wake word detected
2026-01-27 21:12:05,378 - speech_to_text - INFO - Starting dynamic recording...
2026-01-27 21:12:08,494 - speech_to_text - INFO - Silence threshold reached (1.5s)
2026-01-27 21:12:08,496 - speech_to_text - INFO - Recording complete: 3.10s total, transcribing...
2026-01-27 21:12:08,619 - faster_whisper - INFO - Processing audio with duration 00:03.100
2026-01-27 21:12:09,434 - faster_whisper - INFO - Detected language 'en' with probability 0.98
2026-01-27 21:12:10,665 - speech_to_text - INFO - Whisper transcription: Set a timer for 5 seconds
2026-01-27 21:12:10,665 - __main__ - INFO - Transcribed text: Set a timer for 5 seconds
2026-01-27 21:12:10,666 - __main__ - INFO - Intent recognition result: Timer set for 5 seconds.
2026-01-27 21:12:12,737 - __main__ - INFO - Response spoken
2026-01-27 21:12:12,737 - skills.timer - INFO - Timer started for 5 seconds
2026-01-27 21:12:17,742 - skills.timer - INFO - Timer finished!
2026-01-27 21:19:48,744 - speech_to_text - INFO - Loading Whisper model: tiny
2026-01-27 21:19:49,069 - httpx - INFO - HTTP Request: GET https://huggingface.co/api/models/Systran/faster-whisper-tiny/revision/main "HTTP/1.1 200 OK"
2026-01-27 21:19:49,394 - speech_to_text - INFO - Whisper model loaded successfully
2026-01-27 21:19:54,547 - __main__ - INFO - Wake word detected
2026-01-27 21:19:54,547 - speech_to_text - INFO - Starting dynamic recording...
2026-01-27 21:19:57,663 - speech_to_text - INFO - Silence threshold reached (1.5s)
2026-01-27 21:19:57,666 - speech_to_text - INFO - Recording complete: 3.10s total, transcribing...
2026-01-27 21:19:57,772 - faster_whisper - INFO - Processing audio with duration 00:03.100
2026-01-27 21:19:58,533 - faster_whisper - INFO - Detected language 'en' with probability 0.95
2026-01-27 21:19:59,743 - speech_to_text - INFO - Whisper transcription: What's 2 plus 2
2026-01-27 21:19:59,744 - __main__ - INFO - Transcribed text: What's 2 plus 2
2026-01-27 21:19:59,744 - __main__ - INFO - Intent recognition result: 4
2026-01-27 21:20:00,370 - __main__ - INFO - Response spoken
2026-01-27 21:21:21,395 - speech_to_text - INFO - Loading Whisper model: tiny
2026-01-27 21:21:21,688 - httpx - INFO - HTTP Request: GET https://huggingface.co/api/models/Systran/faster-whisper-tiny/revision/main "HTTP/1.1 200 OK"
2026-01-27 21:21:21,979 - speech_to_text - INFO - Whisper model loaded successfully
2026-01-27 21:21:26,518 - __main__ - INFO - Wake word detected
2026-01-27 21:21:26,518 - speech_to_text - INFO - Starting dynamic recording...
2026-01-27 21:21:29,335 - speech_to_text - INFO - Silence threshold reached (1.5s)
2026-01-27 21:21:29,349 - speech_to_text - INFO - Recording complete: 2.80s total, transcribing...
2026-01-27 21:21:31,257 - speech_to_text - INFO - Whisper transcription: What's 2 plus 2
2026-01-27 21:21:31,258 - __main__ - INFO - Transcribed text: What's 2 plus 2
2026-01-27 21:21:31,259 - __main__ - INFO - Intent recognition result: 4
2026-01-27 21:21:31,862 - __main__ - INFO - Response spoken
2026-01-27 21:21:46,743 - __main__ - INFO - Wake word detected
2026-01-27 21:21:46,743 - speech_to_text - INFO - Starting dynamic recording...
2026-01-27 21:21:48,260 - speech_to_text - INFO - Silence threshold reached (1.5s)
2026-01-27 21:21:48,262 - speech_to_text - INFO - Recording complete: 1.50s total, transcribing...
2026-01-27 21:21:50,007 - speech_to_text - INFO - Whisper transcription: 
2026-01-27 21:21:50,008 - __main__ - INFO - Transcribed text: 
2026-01-27 21:21:50,008 - __main__ - INFO - Intent recognition result: Sorry, I didn't understand that.
2026-01-27 21:21:52,439 - __main__ - INFO - Response spoken
2026-01-27 21:21:58,007 - __main__ - INFO - Wake word detected
2026-01-27 21:21:58,007 - speech_to_text - INFO - Starting dynamic recording...
2026-01-27 21:22:08,625 - speech_to_text - INFO - Silence threshold reached (1.5s)
2026-01-27 21:22:08,631 - speech_to_text - INFO - Recording complete: 10.60s total, transcribing...
2026-01-27 21:22:10,917 - speech_to_text - INFO - Whisper transcription: What's 2 plus 2 times 7 plus 42 times 1,576 plus 1,000 minus 200
2026-01-27 21:22:10,918 - __main__ - INFO - Transcribed text: What's 2 plus 2 times 7 plus 42 times 1,576 plus 1,000 minus 200
2026-01-27 21:22:10,918 - __main__ - INFO - Intent recognition result: -8384
2026-01-27 21:22:13,655 - __main__ - INFO - Response spoken
2026-01-27 21:24:04,701 - __main__ - INFO - Wake word detected
2026-01-27 21:24:04,701 - speech_to_text - INFO - Starting dynamic recording...
2026-01-27 21:24:08,019 - speech_to_text - INFO - Silence threshold reached (1.5s)
2026-01-27 21:24:08,029 - speech_to_text - INFO - Recording complete: 3.30s total, transcribing...
2026-01-27 21:24:10,132 - speech_to_text - INFO - Whisper transcription: set it timer for five seconds
2026-01-27 21:24:10,132 - __main__ - INFO - Transcribed text: set it timer for five seconds
2026-01-27 21:24:10,132 - __main__ - INFO - Intent recognition result: Timer set for 5 seconds.
2026-01-27 21:24:12,318 - __main__ - INFO - Response spoken
2026-01-27 21:24:12,318 - skills.timer - INFO - Timer started for 5 seconds
2026-01-27 21:24:17,323 - skills.timer - INFO - Timer finished!
2026-01-27 21:27:40,735 - __main__ - INFO - Wake word detected
2026-01-27 21:27:40,735 - speech_to_text - INFO - Starting dynamic recording...
2026-01-27 21:27:49,952 - speech_to_text - INFO - Silence threshold reached (1.5s)
2026-01-27 21:27:49,967 - speech_to_text - INFO - Recording complete: 9.20s total, transcribing...
2026-01-27 21:27:52,513 - speech_to_text - INFO - Whisper transcription: What's 2 plus 2 times 7 plus 42 times 1,576 plus 1,200
2026-01-27 21:27:52,513 - __main__ - INFO - Transcribed text: What's 2 plus 2 times 7 plus 42 times 1,576 plus 1,200
2026-01-27 21:27:52,514 - __main__ - INFO - Intent recognition result: Sorry, I couldn't calculate that. Try rephrasing your question.
2026-01-27 21:27:56,976 - __main__ - INFO - Response spoken
2026-01-27 21:28:17,059 - speech_to_text - INFO - Loading Whisper model: tiny
2026-01-27 21:28:17,364 - httpx - INFO - HTTP Request: GET https://huggingface.co/api/models/Systran/faster-whisper-tiny/revision/main "HTTP/1.1 200 OK"
2026-01-27 21:28:17,796 - speech_to_text - INFO - Whisper model loaded successfully
2026-01-27 21:28:24,066 - __main__ - INFO - Wake word detected
2026-01-27 21:28:24,066 - speech_to_text - INFO - Starting dynamic recording...
2026-01-27 21:28:27,383 - speech_to_text - INFO - Silence threshold reached (1.5s)
2026-01-27 21:28:27,393 - speech_to_text - INFO - Recording complete: 3.30s total, transcribing...
2026-01-27 21:28:29,344 - speech_to_text - INFO - Whisper transcription: What's 2 plus 2 too
2026-01-27 21:28:29,344 - __main__ - INFO - Transcribed text: What's 2 plus 2 too
2026-01-27 21:28:29,344 - skills.calculator - INFO - Parsing expression: 2 plus 2 too
2026-01-27 21:28:29,344 - skills.calculator - INFO - Parsed to: 2 + 2
2026-01-27 21:28:29,344 - skills.calculator - INFO - Evaluated '2 + 2' = 4
2026-01-27 21:28:29,344 - __main__ - INFO - Intent recognition result: 4
2026-01-27 21:28:29,970 - __main__ - INFO - Response spoken
2026-01-27 21:28:34,915 - __main__ - INFO - Wake word detected
2026-01-27 21:28:34,915 - speech_to_text - INFO - Starting dynamic recording...
2026-01-27 21:28:44,132 - speech_to_text - INFO - Silence threshold reached (1.5s)
2026-01-27 21:28:44,146 - speech_to_text - INFO - Recording complete: 9.20s total, transcribing...
2026-01-27 21:28:46,389 - speech_to_text - INFO - Whisper transcription: What's 2 plus 2 times 7 plus 42 times 1,576 plus 1,200
2026-01-27 21:28:46,390 - __main__ - INFO - Transcribed text: What's 2 plus 2 times 7 plus 42 times 1,576 plus 1,200
2026-01-27 21:28:46,390 - skills.calculator - INFO - Parsing expression: 2 plus 2 times 7 plus 42 times 1,576 plus 1,200
2026-01-27 21:28:46,390 - skills.calculator - INFO - Parsed to: 2 + 2 * 7 + 42 * +
2026-01-27 21:28:46,390 - __main__ - INFO - Intent recognition result: Sorry, I couldn't calculate that. Try rephrasing your question.
2026-01-27 21:28:50,803 - __main__ - INFO - Response spoken
2026-01-27 21:30:21,876 - speech_to_text - INFO - Loading Whisper model: tiny
2026-01-27 21:30:22,172 - httpx - INFO - HTTP Request: GET https://huggingface.co/api/models/Systran/faster-whisper-tiny/revision/main "HTTP/1.1 200 OK"
2026-01-27 21:30:22,445 - speech_to_text - INFO - Whisper model loaded successfully
2026-01-27 21:30:25,866 - __main__ - INFO - Wake word detected
2026-01-27 21:30:25,866 - speech_to_text - INFO - Starting dynamic recording...
2026-01-27 21:30:33,983 - speech_to_text - INFO - Silence threshold reached (1.5s)
2026-01-27 21:30:33,994 - speech_to_text - INFO - Recording complete: 8.10s total, transcribing...
2026-01-27 21:30:36,199 - speech_to_text - INFO - Whisper transcription: What's 2 plus 2 times 1,576 plus 1,200
2026-01-27 21:30:36,199 - __main__ - INFO - Transcribed text: What's 2 plus 2 times 1,576 plus 1,200
2026-01-27 21:30:36,199 - skills.calculator - INFO - Parsing expression: 2 plus 2 times 1,576 plus 1,200
2026-01-27 21:30:36,200 - skills.calculator - INFO - Parsed to: 2 + 2 * 1576 + 1200
2026-01-27 21:30:36,200 - skills.calculator - INFO - Evaluated '2 + 2 * 1576 + 1200' = 4354
2026-01-27 21:30:36,200 - __main__ - INFO - Intent recognition result: 4354
2026-01-27 21:30:38,523 - __main__ - INFO - Response spoken
2026-01-27 21:38:22,226 - speech_to_text - INFO - Loading Whisper model: tiny
2026-01-27 21:38:22,634 - httpx - INFO - HTTP Request: GET https://huggingface.co/api/models/Systran/faster-whisper-tiny/revision/main "HTTP/1.1 200 OK"
2026-01-27 21:38:23,251 - speech_to_text - INFO - Whisper model loaded successfully
2026-01-27 21:38:38,839 - __main__ - INFO - Wake word detected
2026-01-27 21:38:38,839 - speech_to_text - INFO - Starting dynamic recording...
2026-01-27 21:38:40,356 - speech_to_text - INFO - Silence threshold reached (1.5s)
2026-01-27 21:38:40,358 - speech_to_text - INFO - Recording complete: 1.50s total, transcribing...
2026-01-27 21:38:42,916 - speech_to_text - INFO - Whisper transcription: 
2026-01-27 21:38:42,917 - __main__ - INFO - Transcribed text: 
2026-01-27 21:38:42,918 - __main__ - INFO - Intent recognition result: Sorry, I didn't understand that.
2026-01-27 21:38:45,719 - __main__ - INFO - Response spoken
2026-01-27 21:38:48,023 - __main__ - INFO - Wake word detected
2026-01-27 21:38:48,023 - speech_to_text - INFO - Starting dynamic recording...
2026-01-27 21:38:55,340 - speech_to_text - INFO - Silence threshold reached (1.5s)
2026-01-27 21:38:55,351 - speech_to_text - INFO - Recording complete: 7.30s total, transcribing...
2026-01-27 21:38:57,635 - speech_to_text - INFO - Whisper transcription: The quick brown fox dumped over the lazy dog in the middle of September while it was  snowing and raining
2026-01-27 21:38:57,635 - __main__ - INFO - Transcribed text: The quick brown fox dumped over the lazy dog in the middle of September while it was  snowing and raining
2026-01-27 21:38:57,636 - __main__ - INFO - Intent recognition result: Sorry, I didn't understand that.
2026-01-27 21:39:00,376 - __main__ - INFO - Response spoken
2026-01-27 21:39:12,520 - __main__ - INFO - Wake word detected
2026-01-27 21:39:12,520 - speech_to_text - INFO - Starting dynamic recording...
2026-01-27 21:39:15,037 - speech_to_text - INFO - Silence threshold reached (1.5s)
2026-01-27 21:39:15,048 - speech_to_text - INFO - Recording complete: 2.50s total, transcribing...
2026-01-27 21:39:17,169 - speech_to_text - INFO - Whisper transcription: What time is it
2026-01-27 21:39:17,170 - __main__ - INFO - Transcribed text: What time is it
2026-01-27 21:39:17,170 - __main__ - INFO - Intent recognition result: The current time is 09:39 PM.
2026-01-27 21:39:20,249 - __main__ - INFO - Response spoken
2026-01-27 21:39:27,689 - __main__ - INFO - Wake word detected
2026-01-27 21:39:27,689 - speech_to_text - INFO - Starting dynamic recording...
2026-01-27 21:39:31,506 - speech_to_text - INFO - Silence threshold reached (1.5s)
2026-01-27 21:39:31,513 - speech_to_text - INFO - Recording complete: 3.80s total, transcribing...
2026-01-27 21:39:33,419 - speech_to_text - INFO - Whisper transcription: Set a timer for five seconds
2026-01-27 21:39:33,419 - __main__ - INFO - Transcribed text: Set a timer for five seconds
2026-01-27 21:39:33,420 - __main__ - INFO - Intent recognition result: Timer set for 5 seconds.
2026-01-27 21:39:35,481 - __main__ - INFO - Response spoken
2026-01-27 21:39:35,482 - skills.timer - INFO - Timer started for 5 seconds
2026-01-27 21:39:40,486 - skills.timer - INFO - Timer finished!
2026-01-27 21:39:46,810 - __main__ - INFO - Wake word detected
2026-01-27 21:39:46,810 - speech_to_text - INFO - Starting dynamic recording...
2026-01-27 21:39:50,227 - speech_to_text - INFO - Silence threshold reached (1.5s)
2026-01-27 21:39:50,234 - speech_to_text - INFO - Recording complete: 3.40s total, transcribing...
2026-01-27 21:39:52,131 - speech_to_text - INFO - Whisper transcription: Set it timer for 5 minutes
2026-01-27 21:39:52,131 - __main__ - INFO - Transcribed text: Set it timer for 5 minutes
2026-01-27 21:39:52,132 - __main__ - INFO - Intent recognition result: Could not parse a valid time duration from the input.
2026-01-27 21:39:55,579 - __main__ - INFO - Response spoken
2026-01-27 21:40:20,947 - speech_to_text - INFO - Loading Whisper model: tiny
2026-01-27 21:40:21,260 - httpx - INFO - HTTP Request: GET https://huggingface.co/api/models/Systran/faster-whisper-tiny/revision/main "HTTP/1.1 200 OK"
2026-01-27 21:40:21,542 - speech_to_text - INFO - Whisper model loaded successfully
2026-01-27 21:40:43,581 - __main__ - INFO - Wake word detected
2026-01-27 21:40:43,581 - speech_to_text - INFO - Starting dynamic recording...
2026-01-27 21:40:47,498 - speech_to_text - INFO - Silence threshold reached (1.5s)
2026-01-27 21:40:47,501 - speech_to_text - INFO - Recording complete: 3.90s total, transcribing...
2026-01-27 21:40:49,308 - speech_to_text - INFO - Whisper transcription: Set a timer for five minutes
2026-01-27 21:40:49,309 - __main__ - INFO - Transcribed text: Set a timer for five minutes
2026-01-27 21:40:49,309 - __main__ - INFO - Intent recognition result: Timer set for 5 minutes.
2026-01-27 21:40:51,325 - __main__ - INFO - Response spoken
2026-01-27 21:40:51,326 - skills.timer - INFO - Timer started for 300 seconds
2026-01-27 21:41:01,998 - __main__ - INFO - Wake word detected
2026-01-27 21:41:01,999 - speech_to_text - INFO - Starting dynamic recording...
2026-01-27 21:41:05,515 - speech_to_text - INFO - Silence threshold reached (1.5s)
2026-01-27 21:41:05,517 - speech_to_text - INFO - Recording complete: 3.50s total, transcribing...
2026-01-27 21:41:07,355 - speech_to_text - INFO - Whisper transcription: Set a timer for 5 seconds
2026-01-27 21:41:07,356 - __main__ - INFO - Transcribed text: Set a timer for 5 seconds
2026-01-27 21:41:07,356 - __main__ - INFO - Intent recognition result: Timer set for 5 seconds.
2026-01-27 21:41:09,438 - __main__ - INFO - Response spoken
2026-01-27 21:41:09,438 - skills.timer - INFO - Timer started for 5 seconds
2026-01-27 21:41:14,444 - skills.timer - INFO - Timer finished!
2026-01-27 21:41:19,071 - __main__ - INFO - Wake word detected
2026-01-27 21:41:19,071 - speech_to_text - INFO - Starting dynamic recording...
2026-01-27 21:41:22,188 - speech_to_text - INFO - Silence threshold reached (1.5s)
2026-01-27 21:41:22,190 - speech_to_text - INFO - Recording complete: 3.10s total, transcribing...
2026-01-27 21:41:24,001 - speech_to_text - INFO - Whisper transcription: What's 5 plus 3
2026-01-27 21:41:24,002 - __main__ - INFO - Transcribed text: What's 5 plus 3
2026-01-27 21:41:24,003 - skills.calculator - INFO - Parsing expression: 5 plus 3
2026-01-27 21:41:24,003 - skills.calculator - INFO - Parsed to: 5 + 3
2026-01-27 21:41:24,003 - skills.calculator - INFO - Evaluated '5 + 3' = 8
2026-01-27 21:41:24,003 - __main__ - INFO - Intent recognition result: 8
2026-01-27 21:41:24,639 - __main__ - INFO - Response spoken
2026-01-27 21:41:26,130 - __main__ - INFO - Wake word detected
2026-01-27 21:41:26,130 - speech_to_text - INFO - Starting dynamic recording...
2026-01-27 21:41:30,144 - speech_to_text - INFO - Silence threshold reached (1.5s)
2026-01-27 21:41:30,159 - speech_to_text - INFO - Recording complete: 4.00s total, transcribing...
2026-01-27 21:41:31,924 - speech_to_text - INFO - Whisper transcription: What's 2 times 4
2026-01-27 21:41:31,924 - __main__ - INFO - Transcribed text: What's 2 times 4
2026-01-27 21:41:31,925 - skills.calculator - INFO - Parsing expression: 2 times 4
2026-01-27 21:41:31,925 - skills.calculator - INFO - Parsed to: 2 * 4
2026-01-27 21:41:31,925 - skills.calculator - INFO - Evaluated '2 * 4' = 8
2026-01-27 21:41:31,925 - __main__ - INFO - Intent recognition result: 8
2026-01-27 21:41:32,735 - __main__ - INFO - Response spoken
2026-01-27 21:41:34,159 - __main__ - INFO - Wake word detected
2026-01-27 21:41:34,160 - speech_to_text - INFO - Starting dynamic recording...
2026-01-27 21:41:37,877 - speech_to_text - INFO - Silence threshold reached (1.5s)
2026-01-27 21:41:37,887 - speech_to_text - INFO - Recording complete: 3.70s total, transcribing...
2026-01-27 21:41:39,774 - speech_to_text - INFO - Whisper transcription: What's 2 plus 2 times 7
2026-01-27 21:41:39,774 - __main__ - INFO - Transcribed text: What's 2 plus 2 times 7
2026-01-27 21:41:39,774 - skills.calculator - INFO - Parsing expression: 2 plus 2 times 7
2026-01-27 21:41:39,774 - skills.calculator - INFO - Parsed to: 2 + 2 * 7
2026-01-27 21:41:39,775 - skills.calculator - INFO - Evaluated '2 + 2 * 7' = 16
2026-01-27 21:41:39,775 - __main__ - INFO - Intent recognition result: 16
2026-01-27 21:41:40,832 - __main__ - INFO - Response spoken
2026-01-27 21:41:42,304 - __main__ - INFO - Wake word detected
2026-01-27 21:41:42,304 - speech_to_text - INFO - Starting dynamic recording...
2026-01-27 21:41:45,921 - speech_to_text - INFO - Silence threshold reached (1.5s)
2026-01-27 21:41:45,935 - speech_to_text - INFO - Recording complete: 3.60s total, transcribing...
2026-01-27 21:41:47,918 - speech_to_text - INFO - Whisper transcription: What's 1,000 plus 200
2026-01-27 21:41:47,918 - __main__ - INFO - Transcribed text: What's 1,000 plus 200
2026-01-27 21:41:47,919 - skills.calculator - INFO - Parsing expression: 1,000 plus 200
2026-01-27 21:41:47,919 - skills.calculator - INFO - Parsed to: 1000 + 200
2026-01-27 21:41:47,919 - skills.calculator - INFO - Evaluated '1000 + 200' = 1200
2026-01-27 21:41:47,919 - __main__ - INFO - Intent recognition result: 1200
2026-01-27 21:41:49,568 - __main__ - INFO - Response spoken
2026-01-27 21:41:51,424 - __main__ - INFO - Wake word detected
2026-01-27 21:41:51,425 - speech_to_text - INFO - Starting dynamic recording...
2026-01-27 21:41:53,942 - speech_to_text - INFO - Silence threshold reached (1.5s)
2026-01-27 21:41:53,952 - speech_to_text - INFO - Recording complete: 2.50s total, transcribing...
2026-01-27 21:41:55,801 - speech_to_text - INFO - Whisper transcription: What time is it
2026-01-27 21:41:55,801 - __main__ - INFO - Transcribed text: What time is it
2026-01-27 21:41:55,801 - __main__ - INFO - Intent recognition result: The current time is 09:41 PM.
2026-01-27 21:41:58,753 - __main__ - INFO - Response spoken
2026-01-27 21:42:00,625 - __main__ - INFO - Wake word detected
2026-01-27 21:42:00,625 - speech_to_text - INFO - Starting dynamic recording...
2026-01-27 21:42:03,342 - speech_to_text - INFO - Silence threshold reached (1.5s)
2026-01-27 21:42:03,344 - speech_to_text - INFO - Recording complete: 2.70s total, transcribing...
2026-01-27 21:42:05,123 - speech_to_text - INFO - Whisper transcription: What's the date
2026-01-27 21:42:05,123 - __main__ - INFO - Transcribed text: What's the date
2026-01-27 21:42:05,123 - __main__ - INFO - Intent recognition result: Today's date is January 27, 2026.
2026-01-27 21:42:09,537 - __main__ - INFO - Response spoken
2026-01-27 21:42:13,890 - __main__ - INFO - Wake word detected
2026-01-27 21:42:13,890 - speech_to_text - INFO - Starting dynamic recording...
2026-01-27 21:42:16,307 - speech_to_text - INFO - Silence threshold reached (1.5s)
2026-01-27 21:42:16,321 - speech_to_text - INFO - Recording complete: 2.40s total, transcribing...
2026-01-27 21:42:18,092 - speech_to_text - INFO - Whisper transcription: What day is it
2026-01-27 21:42:18,092 - __main__ - INFO - Transcribed text: What day is it
2026-01-27 21:42:18,093 - __main__ - INFO - Intent recognition result: Today is Tuesday.
2026-01-27 21:42:19,586 - __main__ - INFO - Response spoken
2026-01-27 21:42:24,066 - __main__ - INFO - Wake word detected
2026-01-27 21:42:24,066 - speech_to_text - INFO - Starting dynamic recording...
2026-01-27 21:42:25,583 - speech_to_text - INFO - Silence threshold reached (1.5s)
2026-01-27 21:42:25,586 - speech_to_text - INFO - Recording complete: 1.50s total, transcribing...
2026-01-27 21:42:27,296 - speech_to_text - INFO - Whisper transcription: 
2026-01-27 21:42:27,296 - __main__ - INFO - Transcribed text: 
2026-01-27 21:42:27,297 - __main__ - INFO - Intent recognition result: Sorry, I didn't understand that.
2026-01-27 21:42:29,762 - __main__ - INFO - Response spoken
2026-01-27 21:42:53,065 - speech_to_text - INFO - Loading Whisper model: tiny
2026-01-27 21:42:53,417 - httpx - INFO - HTTP Request: GET https://huggingface.co/api/models/Systran/faster-whisper-tiny/revision/main "HTTP/1.1 200 OK"
2026-01-27 21:42:53,795 - speech_to_text - INFO - Whisper model loaded successfully
2026-01-27 21:42:58,164 - __main__ - INFO - Wake word detected
2026-01-27 21:42:58,164 - speech_to_text - INFO - Starting dynamic recording...
2026-01-27 21:43:01,481 - speech_to_text - INFO - Silence threshold reached (1.5s)
2026-01-27 21:43:01,491 - speech_to_text - INFO - Recording complete: 3.30s total, transcribing...
2026-01-27 21:43:04,984 - speech_to_text - INFO - Whisper transcription: What's 2 times 2
2026-01-27 21:43:04,984 - __main__ - INFO - Transcribed text: What's 2 times 2
2026-01-27 21:43:04,984 - skills.calculator - INFO - Parsing expression: 2 times 2
2026-01-27 21:43:04,985 - skills.calculator - INFO - Parsed to: 2 * 2
2026-01-27 21:43:04,985 - skills.calculator - INFO - Evaluated '2 * 2' = 4
2026-01-27 21:43:04,985 - __main__ - INFO - Intent recognition result: 4
2026-01-27 21:43:05,765 - __main__ - INFO - Response spoken
2026-01-27 21:43:10,436 - __main__ - INFO - Wake word detected
2026-01-27 21:43:10,437 - speech_to_text - INFO - Starting dynamic recording...
2026-01-27 21:43:12,854 - speech_to_text - INFO - Silence threshold reached (1.5s)
2026-01-27 21:43:12,868 - speech_to_text - INFO - Recording complete: 2.40s total, transcribing...
2026-01-27 21:43:14,827 - speech_to_text - INFO - Whisper transcription: What time is it
2026-01-27 21:43:14,827 - __main__ - INFO - Transcribed text: What time is it
2026-01-27 21:43:14,828 - __main__ - INFO - Intent recognition result: The current time is 09:43 PM.
2026-01-27 21:43:18,341 - __main__ - INFO - Response spoken
